<?xml version="1.0" encoding="UTF-8"?>
<!-- Generated by org.testng.reporters.JUnitXMLReporter -->
<testsuite hostname="AR-IT28372" ignored="0" name="Surefire test" tests="1" failures="0" timestamp="2023-08-17T16:51:21 ART" time="0.079" errors="0">
  <testcase name="@BeforeMethod beforeTest" time="-1.692301881199E9" classname="org.basic.BaseTest">
    <failure type="org.testng.TestNGException" message="
Parameter &amp;apos;browser&amp;apos; is required by BeforeMethod on method beforeTest but has not been marked @Optional or defined
">
      <![CDATA[org.testng.TestNGException: 
Parameter 'browser' is required by BeforeMethod on method beforeTest but has not been marked @Optional or defined

at java.util.ArrayList.forEach(ArrayList.java:1259)
... Removed 33 stack frames]]>
    </failure>
  </testcase> <!-- @BeforeMethod beforeTest -->
  <testcase name="@BeforeMethod setUpTest" time="0.046" classname="org.basic.Test1">
    <failure type="java.lang.NullPointerException">
      <![CDATA[java.lang.NullPointerException
at java.util.Objects.requireNonNull(Objects.java:203)
at org.openqa.selenium.support.ui.FluentWait.<init>(FluentWait.java:115)
at org.openqa.selenium.support.ui.WebDriverWait.<init>(WebDriverWait.java:102)
at org.openqa.selenium.support.ui.WebDriverWait.<init>(WebDriverWait.java:45)
at org.basic.driver.WaitUtils.<init>(WaitUtils.java:16)
at org.basic.pages.LoginPage.<init>(LoginPage.java:30)
at org.basic.Test1.setUpTest(Test1.java:29)
at java.util.ArrayList.forEach(ArrayList.java:1259)
... Removed 36 stack frames]]>
    </failure>
  </testcase> <!-- @BeforeMethod setUpTest -->
  <testcase name="testNew" time="0.0" classname="org.basic.Test1">
    <skipped/>
  </testcase> <!-- testNew -->
</testsuite> <!-- Surefire test -->
